INFO:  ANSI Code Page: 936
INFO:  latexindent.exe version 3.24.1, 2024-05-12, a script to indent .tex files
       latexindent.exe lives here: C:/software/latexindent/bin/windows/
       Fri Jun 14 08:15:30 2024
       Filename: c:/LaTex/Statistical Signal Processing/Exercises/__latexindent_temp_Exercise.tex
INFO:  Processing switches:
       -y|--yaml: YAML settings specified via command line
       -c|--cruft: cruft directory
INFO:  Directory for backup files and log file c:\LaTex\Statistical Signal Processing\Exercises\1\indent.log:
       c:\LaTex\Statistical Signal Processing\Exercises\1\
INFO:  YAML settings read: defaultSettings.yaml
       Reading defaultSettings.yaml from C:/software/latexindent/bin/windows/defaultSettings.yaml
       Reading defaultSettings.yaml (2nd attempt) from C:/software/latexindent/bin/windows/../../texmf-dist/scripts/latexindent/defaultSettings.yaml
       and then, if necessary, C:/software/latexindent/bin/windows/LatexIndent/defaultSettings.yaml
INFO:  YAML reading settings
       Home directory is C:\Users\yangd
       latexindent.pl didn't find indentconfig.yaml or .indentconfig.yaml
       see all possible locations: https://latexindentpl.readthedocs.io/en/latest/sec-appendices.html#indentconfig-options)
INFO:  YAML settings read: -y switch
       YAML setting: defaultIndent:'    '
       single-quoted string found in -y switch: '    ', substitute to     
       Updating mainSettings with defaultIndent:     
INFO:  Phase 1: searching for objects
INFO:  Phase 2: finding surrounding indentation
INFO:  Phase 3: indenting objects
INFO:  Phase 4: final indentation check
INFO:  Output routine:
       Not outputting to file; see -w and -o switches for more options.
       --------------
INFO:  Please direct all communication/issues to:
        https://github.com/cmhughes/latexindent.pl
